<?xml version="1.0" encoding="UTF-8" ?>
<testsuite failures="0" time="0.008" errors="0" skipped="0" tests="30" name="feature.calculator.CalculatorTest">
  <properties>
[...]
</properties>
  <testcase time="0.002" classname="Scenario: Add two numbers of new calc" name="Given first number 1"/>
  <testcase time="0" classname="Scenario: Add two numbers of new calc" name="And second number 2"/>
  <testcase time="0" classname="Scenario: Add two numbers of new calc" name="When the user do calculate"/>
  <testcase time="0" classname="Scenario: Add two numbers of new calc" name="Then result should be printed as &apos;3&apos;"/>
  <testcase time="0" classname="Scenario: Add two numbers of new calc" name="Scenario: Add two numbers of new calc"/>
  <testcase time="0" classname="Scenario: Add two numbers negetive case of new calc" name="Given first number 10"/>
  <testcase time="0" classname="Scenario: Add two numbers negetive case of new calc" name="And second number 10"/>
  <testcase time="0" classname="Scenario: Add two numbers negetive case of new calc" name="When the user do calculate"/>
  <testcase time="0" classname="Scenario: Add two numbers negetive case of new calc" name="Then result should be printed as &apos;20&apos;"/>
  <testcase time="0" classname="Scenario: Add two numbers negetive case of new calc" name="Scenario: Add two numbers negetive case of new calc"/>
  <testcase time="0" classname="Scenario: Add two numbers" name="Given first number 100"/>
  <testcase time="0.001" classname="Scenario: Add two numbers" name="And second number 200"/>
  <testcase time="0" classname="Scenario: Add two numbers" name="When the user do calculate"/>
  <testcase time="0" classname="Scenario: Add two numbers" name="Then result should be printed as &apos;300&apos;"/>
  <testcase time="0" classname="Scenario: Add two numbers" name="Scenario: Add two numbers"/>
  <testcase time="0" classname="Scenario: Add two numbers negetive case" name="Given first number 100"/>
  <testcase time="0" classname="Scenario: Add two numbers negetive case" name="And second number 100"/>
  <testcase time="0" classname="Scenario: Add two numbers negetive case" name="When the user do calculate"/>
  <testcase time="0" classname="Scenario: Add two numbers negetive case" name="Then result should be printed as &apos;200&apos;"/>
  <testcase time="0" classname="Scenario: Add two numbers negetive case" name="Scenario: Add two numbers negetive case"/>
  <testcase time="0" classname="| 12 | 5 | 17 |" name="Given first number 12"/>
  <testcase time="0" classname="| 12 | 5 | 17 |" name="And second number 5"/>
  <testcase time="0.001" classname="| 12 | 5 | 17 |" name="When the user do calculate"/>
  <testcase time="0" classname="| 12 | 5 | 17 |" name="Then result should be printed as &apos;17&apos;"/>
  <testcase time="0" classname="| 12 | 5 | 17 |" name="| 12 | 5 | 17 |"/>
  <testcase time="0" classname="| 20 | 5 | 25 |" name="Given first number 20"/>
  <testcase time="0.001" classname="| 20 | 5 | 25 |" name="And second number 5"/>
  <testcase time="0.001" classname="| 20 | 5 | 25 |" name="When the user do calculate"/>
  <testcase time="0.001" classname="| 20 | 5 | 25 |" name="Then result should be printed as &apos;25&apos;"/>
  <testcase time="0.001" classname="| 20 | 5 | 25 |" name="| 20 | 5 | 25 |"/>
</testsuite>